<?xml version="1.0" encoding="UTF-8"?>
<!-- Generated by org.testng.reporters.JUnitReportReporter -->
<testsuite hostname="DESKTOP-4VTONBA" failures="0" tests="1" name="testcase.Testcase" time="11.510" errors="0" timestamp="2024-04-20T10:17:15 IST" skipped="0">
  <testcase classname="testcase.Testcase" name="signin" time="11.510"/>
  <system-out/>
</testsuite> <!-- testcase.Testcase -->
